<?xml version="1.0" encoding="UTF-8"?>
<testsuite name="ForthTest$Subtraction" tests="3" skipped="0" failures="0" errors="0" timestamp="2023-03-19T13:54:00" hostname="DESKTOP-Q4ULRH8" time="0.0">
  <properties/>
  <testcase name="can subtract two numbers" classname="ForthTest$Subtraction" time="0.0"/>
  <testcase name="errors if there is nothing on the stack" classname="ForthTest$Subtraction" time="0.0"/>
  <testcase name="errors if there is only one value on the stack" classname="ForthTest$Subtraction" time="0.0"/>
  <system-out><![CDATA[]]></system-out>
  <system-err><![CDATA[]]></system-err>
</testsuite>
