<?xml version="1.0" encoding="UTF-8"?>
<testsuite name="ForthTest$Dup" tests="3" skipped="0" failures="0" errors="0" timestamp="2023-03-19T13:54:00" hostname="DESKTOP-Q4ULRH8" time="0.001">
  <properties/>
  <testcase name="copies a value on the stack" classname="ForthTest$Dup" time="0.0"/>
  <testcase name="errors if there is nothing on the stack" classname="ForthTest$Dup" time="0.0"/>
  <testcase name="copies the top value on the stack" classname="ForthTest$Dup" time="0.001"/>
  <system-out><![CDATA[]]></system-out>
  <system-err><![CDATA[]]></system-err>
</testsuite>
