<?xml version="1.0" encoding="UTF-8"?>
<testsuite name="BankAccountTest" tests="5" skipped="0" failures="0" errors="0" timestamp="2023-03-07T10:00:59" hostname="ASUSNOTEBOOK" time="62.912">
  <properties/>
  <testcase name="zeroBalanceWhenOpened" classname="BankAccountTest" time="0.025"/>
  <testcase name="closedAccountCannotBeAdjusted" classname="BankAccountTest" time="0.045"/>
  <testcase name="closedAccountHasNoBalance" classname="BankAccountTest" time="0.001"/>
  <testcase name="concurrentBalanceAdjustments" classname="BankAccountTest" time="62.839"/>
  <testcase name="sequentialBalanceAdjustments" classname="BankAccountTest" time="0.001"/>
  <system-out><![CDATA[]]></system-out>
  <system-err><![CDATA[]]></system-err>
</testsuite>
