<?xml version="1.0" encoding="UTF-8"?>
<testsuite name="MinesweeperBoardTest" tests="12" skipped="0" failures="0" errors="0" timestamp="2023-03-07T14:52:18" hostname="DESKTOP-Q4ULRH8" time="0.028">
  <properties/>
  <testcase name="testInputBoardWithNoRowsAndNoColumns" classname="MinesweeperBoardTest" time="0.019"/>
  <testcase name="testInputBoardWithSingleColumnAndTwoMinesAtEdges" classname="MinesweeperBoardTest" time="0.008"/>
  <testcase name="testInputBoardWithSingleColumnAndTwoMines" classname="MinesweeperBoardTest" time="0.0"/>
  <testcase name="testInputBoardWithOnlyMines" classname="MinesweeperBoardTest" time="0.0"/>
  <testcase name="testInputBoardWithMinesInCross" classname="MinesweeperBoardTest" time="0.0"/>
  <testcase name="testInputBoardWithMinesAroundPerimeter" classname="MinesweeperBoardTest" time="0.0"/>
  <testcase name="testInputBoardWithSingleMineAtCenter" classname="MinesweeperBoardTest" time="0.001"/>
  <testcase name="testInputBoardWithNoMines" classname="MinesweeperBoardTest" time="0.0"/>
  <testcase name="testInputBoardWithOneRowAndNoColumns" classname="MinesweeperBoardTest" time="0.0"/>
  <testcase name="testLargeInputBoard" classname="MinesweeperBoardTest" time="0.0"/>
  <testcase name="testInputBoardWithSingleRowAndTwoMinesAtEdges" classname="MinesweeperBoardTest" time="0.0"/>
  <testcase name="testInputBoardWithSingleRowAndTwoMines" classname="MinesweeperBoardTest" time="0.0"/>
  <system-out><![CDATA[]]></system-out>
  <system-err><![CDATA[]]></system-err>
</testsuite>
